Analysis & Synthesis report for norm
Fri Jan 08 17:25:05 2021
Quartus II 64-Bit Version 13.0.0 Build 156 04/24/2013 SJ Web Edition


---------------------
; Table of Contents ;
---------------------
  1. Legal Notice
  2. Analysis & Synthesis Summary
  3. Analysis & Synthesis Settings
  4. Parallel Compilation
  5. Analysis & Synthesis Source Files Read
  6. Analysis & Synthesis Resource Usage Summary
  7. Analysis & Synthesis Resource Utilization by Entity
  8. General Register Statistics
  9. Port Connectivity Checks: "sqrt:sqrt1|DATAPATH:DATAPATH|COMPARATOR:COMPARATOR1"
 10. Port Connectivity Checks: "sqrt:sqrt1|DATAPATH:DATAPATH|MULTIPLIER:MULTIPLIER1"
 11. Port Connectivity Checks: "sqrt:sqrt1"
 12. Elapsed Time Per Partition
 13. Analysis & Synthesis Messages
 14. Analysis & Synthesis Suppressed Messages



----------------
; Legal Notice ;
----------------
Copyright (C) 1991-2013 Altera Corporation
Your use of Altera Corporation's design tools, logic functions 
and other software and tools, and its AMPP partner logic 
functions, and any output files from any of the foregoing 
(including device programming or simulation files), and any 
associated documentation or information are expressly subject 
to the terms and conditions of the Altera Program License 
Subscription Agreement, Altera MegaCore Function License 
Agreement, or other applicable license agreement, including, 
without limitation, that your use is for the sole purpose of 
programming logic devices manufactured by Altera and sold by 
Altera or its authorized distributors.  Please refer to the 
applicable agreement for further details.



+---------------------------------------------------------------------------------+
; Analysis & Synthesis Summary                                                    ;
+------------------------------------+--------------------------------------------+
; Analysis & Synthesis Status        ; Successful - Fri Jan 08 17:25:05 2021      ;
; Quartus II 64-Bit Version          ; 13.0.0 Build 156 04/24/2013 SJ Web Edition ;
; Revision Name                      ; norm                                       ;
; Top-level Entity Name              ; norm                                       ;
; Family                             ; Cyclone IV GX                              ;
; Total logic elements               ; 0                                          ;
;     Total combinational functions  ; 0                                          ;
;     Dedicated logic registers      ; 0                                          ;
; Total registers                    ; 0                                          ;
; Total pins                         ; 162                                        ;
; Total virtual pins                 ; 0                                          ;
; Total memory bits                  ; 0                                          ;
; Embedded Multiplier 9-bit elements ; 0                                          ;
; Total GXB Receiver Channel PCS     ; 0                                          ;
; Total GXB Receiver Channel PMA     ; 0                                          ;
; Total GXB Transmitter Channel PCS  ; 0                                          ;
; Total GXB Transmitter Channel PMA  ; 0                                          ;
; Total PLLs                         ; 0                                          ;
+------------------------------------+--------------------------------------------+


+----------------------------------------------------------------------------------------------------------------------+
; Analysis & Synthesis Settings                                                                                        ;
+----------------------------------------------------------------------------+--------------------+--------------------+
; Option                                                                     ; Setting            ; Default Value      ;
+----------------------------------------------------------------------------+--------------------+--------------------+
; Top-level entity name                                                      ; norm               ; norm               ;
; Family name                                                                ; Cyclone IV GX      ; Cyclone IV GX      ;
; Use smart compilation                                                      ; Off                ; Off                ;
; Enable parallel Assembler and TimeQuest Timing Analyzer during compilation ; On                 ; On                 ;
; Enable compact report table                                                ; Off                ; Off                ;
; Restructure Multiplexers                                                   ; Auto               ; Auto               ;
; Create Debugging Nodes for IP Cores                                        ; Off                ; Off                ;
; Preserve fewer node names                                                  ; On                 ; On                 ;
; Disable OpenCore Plus hardware evaluation                                  ; Off                ; Off                ;
; Verilog Version                                                            ; Verilog_2001       ; Verilog_2001       ;
; VHDL Version                                                               ; VHDL_1993          ; VHDL_1993          ;
; State Machine Processing                                                   ; Auto               ; Auto               ;
; Safe State Machine                                                         ; Off                ; Off                ;
; Extract Verilog State Machines                                             ; On                 ; On                 ;
; Extract VHDL State Machines                                                ; On                 ; On                 ;
; Ignore Verilog initial constructs                                          ; Off                ; Off                ;
; Iteration limit for constant Verilog loops                                 ; 5000               ; 5000               ;
; Iteration limit for non-constant Verilog loops                             ; 250                ; 250                ;
; Add Pass-Through Logic to Inferred RAMs                                    ; On                 ; On                 ;
; Infer RAMs from Raw Logic                                                  ; On                 ; On                 ;
; Parallel Synthesis                                                         ; On                 ; On                 ;
; DSP Block Balancing                                                        ; Auto               ; Auto               ;
; NOT Gate Push-Back                                                         ; On                 ; On                 ;
; Power-Up Don't Care                                                        ; On                 ; On                 ;
; Remove Redundant Logic Cells                                               ; Off                ; Off                ;
; Remove Duplicate Registers                                                 ; On                 ; On                 ;
; Ignore CARRY Buffers                                                       ; Off                ; Off                ;
; Ignore CASCADE Buffers                                                     ; Off                ; Off                ;
; Ignore GLOBAL Buffers                                                      ; Off                ; Off                ;
; Ignore ROW GLOBAL Buffers                                                  ; Off                ; Off                ;
; Ignore LCELL Buffers                                                       ; Off                ; Off                ;
; Ignore SOFT Buffers                                                        ; On                 ; On                 ;
; Limit AHDL Integers to 32 Bits                                             ; Off                ; Off                ;
; Optimization Technique                                                     ; Balanced           ; Balanced           ;
; Carry Chain Length                                                         ; 70                 ; 70                 ;
; Auto Carry Chains                                                          ; On                 ; On                 ;
; Auto Open-Drain Pins                                                       ; On                 ; On                 ;
; Perform WYSIWYG Primitive Resynthesis                                      ; Off                ; Off                ;
; Auto ROM Replacement                                                       ; On                 ; On                 ;
; Auto RAM Replacement                                                       ; On                 ; On                 ;
; Auto DSP Block Replacement                                                 ; On                 ; On                 ;
; Auto Shift Register Replacement                                            ; Auto               ; Auto               ;
; Allow Shift Register Merging across Hierarchies                            ; Auto               ; Auto               ;
; Auto Clock Enable Replacement                                              ; On                 ; On                 ;
; Strict RAM Replacement                                                     ; Off                ; Off                ;
; Allow Synchronous Control Signals                                          ; On                 ; On                 ;
; Force Use of Synchronous Clear Signals                                     ; Off                ; Off                ;
; Auto RAM Block Balancing                                                   ; On                 ; On                 ;
; Auto RAM to Logic Cell Conversion                                          ; Off                ; Off                ;
; Auto Resource Sharing                                                      ; Off                ; Off                ;
; Allow Any RAM Size For Recognition                                         ; Off                ; Off                ;
; Allow Any ROM Size For Recognition                                         ; Off                ; Off                ;
; Allow Any Shift Register Size For Recognition                              ; Off                ; Off                ;
; Use LogicLock Constraints during Resource Balancing                        ; On                 ; On                 ;
; Ignore translate_off and synthesis_off directives                          ; Off                ; Off                ;
; Timing-Driven Synthesis                                                    ; On                 ; On                 ;
; Report Parameter Settings                                                  ; On                 ; On                 ;
; Report Source Assignments                                                  ; On                 ; On                 ;
; Report Connectivity Checks                                                 ; On                 ; On                 ;
; Ignore Maximum Fan-Out Assignments                                         ; Off                ; Off                ;
; Synchronization Register Chain Length                                      ; 2                  ; 2                  ;
; PowerPlay Power Optimization                                               ; Normal compilation ; Normal compilation ;
; HDL message level                                                          ; Level2             ; Level2             ;
; Suppress Register Optimization Related Messages                            ; Off                ; Off                ;
; Number of Removed Registers Reported in Synthesis Report                   ; 5000               ; 5000               ;
; Number of Swept Nodes Reported in Synthesis Report                         ; 5000               ; 5000               ;
; Number of Inverted Registers Reported in Synthesis Report                  ; 100                ; 100                ;
; Clock MUX Protection                                                       ; On                 ; On                 ;
; Auto Gated Clock Conversion                                                ; Off                ; Off                ;
; Block Design Naming                                                        ; Auto               ; Auto               ;
; SDC constraint protection                                                  ; Off                ; Off                ;
; Synthesis Effort                                                           ; Auto               ; Auto               ;
; Shift Register Replacement - Allow Asynchronous Clear Signal               ; On                 ; On                 ;
; Pre-Mapping Resynthesis Optimization                                       ; Off                ; Off                ;
; Analysis & Synthesis Message Level                                         ; Medium             ; Medium             ;
; Disable Register Merging Across Hierarchies                                ; Auto               ; Auto               ;
; Resource Aware Inference For Block RAM                                     ; On                 ; On                 ;
; Synthesis Seed                                                             ; 1                  ; 1                  ;
+----------------------------------------------------------------------------+--------------------+--------------------+


Parallel compilation was disabled, but you have multiple processors available. Enable parallel compilation to reduce compilation time.
+-------------------------------------+
; Parallel Compilation                ;
+----------------------------+--------+
; Processors                 ; Number ;
+----------------------------+--------+
; Number detected on machine ; 4      ;
; Maximum allowed            ; 1      ;
+----------------------------+--------+


+----------------------------------------------------------------------------------------------------------------------+
; Analysis & Synthesis Source Files Read                                                                               ;
+----------------------------------+-----------------+------------------------+------------------------------+---------+
; File Name with User-Entered Path ; Used in Netlist ; File Type              ; File Name with Absolute Path ; Library ;
+----------------------------------+-----------------+------------------------+------------------------------+---------+
; norm.v                           ; yes             ; User Verilog HDL File  ; E:/Quartus/norm/norm.v       ;         ;
; sqrt.v                           ; yes             ; User Verilog HDL File  ; E:/Quartus/norm/sqrt.v       ;         ;
; sq.v                             ; yes             ; User Verilog HDL File  ; E:/Quartus/norm/sq.v         ;         ;
+----------------------------------+-----------------+------------------------+------------------------------+---------+


+---------------------------------------------+
; Analysis & Synthesis Resource Usage Summary ;
+--------------------------+------------------+
; Resource                 ; Usage            ;
+--------------------------+------------------+
; I/O pins                 ; 162              ;
; DSP block 9-bit elements ; 0                ;
; Maximum fan-out node     ; clk              ;
; Maximum fan-out          ; 1                ;
; Total fan-out            ; 162              ;
; Average fan-out          ; 0.50             ;
+--------------------------+------------------+


+-----------------------------------------------------------------------------------------------------------------------------------------------------------------------------------------+
; Analysis & Synthesis Resource Utilization by Entity                                                                                                                                     ;
+----------------------------+-------------------+--------------+-------------+--------------+---------+-----------+-----------+------+--------------+---------------------+--------------+
; Compilation Hierarchy Node ; LC Combinationals ; LC Registers ; Memory Bits ; DSP Elements ; DSP 9x9 ; DSP 18x18 ; DSP 36x36 ; Pins ; Virtual Pins ; Full Hierarchy Name ; Library Name ;
+----------------------------+-------------------+--------------+-------------+--------------+---------+-----------+-----------+------+--------------+---------------------+--------------+
; |norm                      ; 0 (0)             ; 0 (0)        ; 0           ; 0            ; 0       ; 0         ; 0         ; 162  ; 0            ; |norm               ;              ;
+----------------------------+-------------------+--------------+-------------+--------------+---------+-----------+-----------+------+--------------+---------------------+--------------+
Note: For table entries with two numbers listed, the numbers in parentheses indicate the number of resources of the given type used by the specific entity alone. The numbers listed outside of parentheses indicate the total resources of the given type used by the specific entity and all of its sub-entities in the hierarchy.


+------------------------------------------------------+
; General Register Statistics                          ;
+----------------------------------------------+-------+
; Statistic                                    ; Value ;
+----------------------------------------------+-------+
; Total registers                              ; 0     ;
; Number of registers using Synchronous Clear  ; 0     ;
; Number of registers using Synchronous Load   ; 0     ;
; Number of registers using Asynchronous Clear ; 0     ;
; Number of registers using Asynchronous Load  ; 0     ;
; Number of registers using Clock Enable       ; 0     ;
; Number of registers using Preset             ; 0     ;
+----------------------------------------------+-------+


+---------------------------------------------------------------------------------+
; Port Connectivity Checks: "sqrt:sqrt1|DATAPATH:DATAPATH|COMPARATOR:COMPARATOR1" ;
+-----------+-------+----------+--------------------------------------------------+
; Port      ; Type  ; Severity ; Details                                          ;
+-----------+-------+----------+--------------------------------------------------+
; B[31..11] ; Input ; Info     ; Stuck at GND                                     ;
; B[7..0]   ; Input ; Info     ; Stuck at GND                                     ;
; B[10]     ; Input ; Info     ; Stuck at VCC                                     ;
; B[9]      ; Input ; Info     ; Stuck at GND                                     ;
; B[8]      ; Input ; Info     ; Stuck at VCC                                     ;
+-----------+-------+----------+--------------------------------------------------+


+---------------------------------------------------------------------------------+
; Port Connectivity Checks: "sqrt:sqrt1|DATAPATH:DATAPATH|MULTIPLIER:MULTIPLIER1" ;
+----------+-------+----------+---------------------------------------------------+
; Port     ; Type  ; Severity ; Details                                           ;
+----------+-------+----------+---------------------------------------------------+
; A[7..5]  ; Input ; Info     ; Stuck at VCC                                      ;
; A[1..0]  ; Input ; Info     ; Stuck at VCC                                      ;
; A[31..8] ; Input ; Info     ; Stuck at GND                                      ;
; A[4..2]  ; Input ; Info     ; Stuck at GND                                      ;
+----------+-------+----------+---------------------------------------------------+


+--------------------------------------------------------------------------------------------------------------------+
; Port Connectivity Checks: "sqrt:sqrt1"                                                                             ;
+----------+--------+----------+-------------------------------------------------------------------------------------+
; Port     ; Type   ; Severity ; Details                                                                             ;
+----------+--------+----------+-------------------------------------------------------------------------------------+
; DATA_OUT ; Output ; Info     ; Connected to dangling logic. Logic that only feeds a dangling port will be removed. ;
+----------+--------+----------+-------------------------------------------------------------------------------------+


+-------------------------------+
; Elapsed Time Per Partition    ;
+----------------+--------------+
; Partition Name ; Elapsed Time ;
+----------------+--------------+
; Top            ; 00:00:00     ;
+----------------+--------------+


+-------------------------------+
; Analysis & Synthesis Messages ;
+-------------------------------+
Info: *******************************************************************
Info: Running Quartus II 64-Bit Analysis & Synthesis
    Info: Version 13.0.0 Build 156 04/24/2013 SJ Web Edition
    Info: Processing started: Fri Jan 08 17:25:03 2021
Info: Command: quartus_map --read_settings_files=on --write_settings_files=off norm -c norm
Warning (20028): Parallel compilation is not licensed and has been disabled
Info (12021): Found 1 design units, including 1 entities, in source file norm.v
    Info (12023): Found entity 1: norm
Info (12021): Found 8 design units, including 8 entities, in source file sqrt.v
    Info (12023): Found entity 1: sqrt
    Info (12023): Found entity 2: DATAPATH
    Info (12023): Found entity 3: ADDER
    Info (12023): Found entity 4: MULTIPLIER
    Info (12023): Found entity 5: DIVIDER
    Info (12023): Found entity 6: COMPARATOR
    Info (12023): Found entity 7: SHIFTER
    Info (12023): Found entity 8: CONTROLLER
Warning (12019): Can't analyze file -- file ../QR/sq.v is missing
Info (12021): Found 1 design units, including 1 entities, in source file sq.v
    Info (12023): Found entity 1: sq
Info (12127): Elaborating entity "norm" for the top level hierarchy
Warning (10034): Output port "n" at norm.v(11) has no driver
Info (12128): Elaborating entity "sq" for hierarchy "sq:sq1"
Warning (10034): Output port "n" at sq.v(4) has no driver
Warning (12158): Entity "sq" contains only dangling pins
Info (12128): Elaborating entity "sqrt" for hierarchy "sqrt:sqrt1"
Info (12128): Elaborating entity "DATAPATH" for hierarchy "sqrt:sqrt1|DATAPATH:DATAPATH"
Info (12128): Elaborating entity "ADDER" for hierarchy "sqrt:sqrt1|DATAPATH:DATAPATH|ADDER:ADDER1"
Info (12128): Elaborating entity "MULTIPLIER" for hierarchy "sqrt:sqrt1|DATAPATH:DATAPATH|MULTIPLIER:MULTIPLIER1"
Info (12128): Elaborating entity "DIVIDER" for hierarchy "sqrt:sqrt1|DATAPATH:DATAPATH|DIVIDER:DIVIDER1"
Info (12128): Elaborating entity "COMPARATOR" for hierarchy "sqrt:sqrt1|DATAPATH:DATAPATH|COMPARATOR:COMPARATOR1"
Info (12128): Elaborating entity "SHIFTER" for hierarchy "sqrt:sqrt1|DATAPATH:DATAPATH|SHIFTER:SHIFTER1"
Info (12128): Elaborating entity "CONTROLLER" for hierarchy "sqrt:sqrt1|CONTROLLER:CONTROLLER"
Warning (13024): Output pins are stuck at VCC or GND
    Warning (13410): Pin "n[0]" is stuck at GND
    Warning (13410): Pin "n[1]" is stuck at GND
    Warning (13410): Pin "n[2]" is stuck at GND
    Warning (13410): Pin "n[3]" is stuck at GND
    Warning (13410): Pin "n[4]" is stuck at GND
    Warning (13410): Pin "n[5]" is stuck at GND
    Warning (13410): Pin "n[6]" is stuck at GND
    Warning (13410): Pin "n[7]" is stuck at GND
    Warning (13410): Pin "n[8]" is stuck at GND
    Warning (13410): Pin "n[9]" is stuck at GND
    Warning (13410): Pin "n[10]" is stuck at GND
    Warning (13410): Pin "n[11]" is stuck at GND
    Warning (13410): Pin "n[12]" is stuck at GND
    Warning (13410): Pin "n[13]" is stuck at GND
    Warning (13410): Pin "n[14]" is stuck at GND
    Warning (13410): Pin "n[15]" is stuck at GND
    Warning (13410): Pin "n[16]" is stuck at GND
    Warning (13410): Pin "n[17]" is stuck at GND
    Warning (13410): Pin "n[18]" is stuck at GND
    Warning (13410): Pin "n[19]" is stuck at GND
    Warning (13410): Pin "n[20]" is stuck at GND
    Warning (13410): Pin "n[21]" is stuck at GND
    Warning (13410): Pin "n[22]" is stuck at GND
    Warning (13410): Pin "n[23]" is stuck at GND
    Warning (13410): Pin "n[24]" is stuck at GND
    Warning (13410): Pin "n[25]" is stuck at GND
    Warning (13410): Pin "n[26]" is stuck at GND
    Warning (13410): Pin "n[27]" is stuck at GND
    Warning (13410): Pin "n[28]" is stuck at GND
    Warning (13410): Pin "n[29]" is stuck at GND
    Warning (13410): Pin "n[30]" is stuck at GND
    Warning (13410): Pin "n[31]" is stuck at GND
Info (144001): Generated suppressed messages file E:/Quartus/norm/output_files/norm.map.smsg
Info (16010): Generating hard_block partition "hard_block:auto_generated_inst"
    Info (16011): Adding 0 node(s), including 0 DDIO, 0 PLL, 0 transceiver and 0 LCELL
Warning (21074): Design contains 130 input pin(s) that do not drive logic
    Warning (15610): No output dependent on input pin "clk"
    Warning (15610): No output dependent on input pin "reset"
    Warning (15610): No output dependent on input pin "x1[0]"
    Warning (15610): No output dependent on input pin "x1[1]"
    Warning (15610): No output dependent on input pin "x1[2]"
    Warning (15610): No output dependent on input pin "x1[3]"
    Warning (15610): No output dependent on input pin "x1[4]"
    Warning (15610): No output dependent on input pin "x1[5]"
    Warning (15610): No output dependent on input pin "x1[6]"
    Warning (15610): No output dependent on input pin "x1[7]"
    Warning (15610): No output dependent on input pin "x1[8]"
    Warning (15610): No output dependent on input pin "x1[9]"
    Warning (15610): No output dependent on input pin "x1[10]"
    Warning (15610): No output dependent on input pin "x1[11]"
    Warning (15610): No output dependent on input pin "x1[12]"
    Warning (15610): No output dependent on input pin "x1[13]"
    Warning (15610): No output dependent on input pin "x1[14]"
    Warning (15610): No output dependent on input pin "x1[15]"
    Warning (15610): No output dependent on input pin "x1[16]"
    Warning (15610): No output dependent on input pin "x1[17]"
    Warning (15610): No output dependent on input pin "x1[18]"
    Warning (15610): No output dependent on input pin "x1[19]"
    Warning (15610): No output dependent on input pin "x1[20]"
    Warning (15610): No output dependent on input pin "x1[21]"
    Warning (15610): No output dependent on input pin "x1[22]"
    Warning (15610): No output dependent on input pin "x1[23]"
    Warning (15610): No output dependent on input pin "x1[24]"
    Warning (15610): No output dependent on input pin "x1[25]"
    Warning (15610): No output dependent on input pin "x1[26]"
    Warning (15610): No output dependent on input pin "x1[27]"
    Warning (15610): No output dependent on input pin "x1[28]"
    Warning (15610): No output dependent on input pin "x1[29]"
    Warning (15610): No output dependent on input pin "x1[30]"
    Warning (15610): No output dependent on input pin "x1[31]"
    Warning (15610): No output dependent on input pin "x1[32]"
    Warning (15610): No output dependent on input pin "x1[33]"
    Warning (15610): No output dependent on input pin "x1[34]"
    Warning (15610): No output dependent on input pin "x1[35]"
    Warning (15610): No output dependent on input pin "x1[36]"
    Warning (15610): No output dependent on input pin "x1[37]"
    Warning (15610): No output dependent on input pin "x1[38]"
    Warning (15610): No output dependent on input pin "x1[39]"
    Warning (15610): No output dependent on input pin "x1[40]"
    Warning (15610): No output dependent on input pin "x1[41]"
    Warning (15610): No output dependent on input pin "x1[42]"
    Warning (15610): No output dependent on input pin "x1[43]"
    Warning (15610): No output dependent on input pin "x1[44]"
    Warning (15610): No output dependent on input pin "x1[45]"
    Warning (15610): No output dependent on input pin "x1[46]"
    Warning (15610): No output dependent on input pin "x1[47]"
    Warning (15610): No output dependent on input pin "x1[48]"
    Warning (15610): No output dependent on input pin "x1[49]"
    Warning (15610): No output dependent on input pin "x1[50]"
    Warning (15610): No output dependent on input pin "x1[51]"
    Warning (15610): No output dependent on input pin "x1[52]"
    Warning (15610): No output dependent on input pin "x1[53]"
    Warning (15610): No output dependent on input pin "x1[54]"
    Warning (15610): No output dependent on input pin "x1[55]"
    Warning (15610): No output dependent on input pin "x1[56]"
    Warning (15610): No output dependent on input pin "x1[57]"
    Warning (15610): No output dependent on input pin "x1[58]"
    Warning (15610): No output dependent on input pin "x1[59]"
    Warning (15610): No output dependent on input pin "x1[60]"
    Warning (15610): No output dependent on input pin "x1[61]"
    Warning (15610): No output dependent on input pin "x1[62]"
    Warning (15610): No output dependent on input pin "x1[63]"
    Warning (15610): No output dependent on input pin "x2[0]"
    Warning (15610): No output dependent on input pin "x2[1]"
    Warning (15610): No output dependent on input pin "x2[2]"
    Warning (15610): No output dependent on input pin "x2[3]"
    Warning (15610): No output dependent on input pin "x2[4]"
    Warning (15610): No output dependent on input pin "x2[5]"
    Warning (15610): No output dependent on input pin "x2[6]"
    Warning (15610): No output dependent on input pin "x2[7]"
    Warning (15610): No output dependent on input pin "x2[8]"
    Warning (15610): No output dependent on input pin "x2[9]"
    Warning (15610): No output dependent on input pin "x2[10]"
    Warning (15610): No output dependent on input pin "x2[11]"
    Warning (15610): No output dependent on input pin "x2[12]"
    Warning (15610): No output dependent on input pin "x2[13]"
    Warning (15610): No output dependent on input pin "x2[14]"
    Warning (15610): No output dependent on input pin "x2[15]"
    Warning (15610): No output dependent on input pin "x2[16]"
    Warning (15610): No output dependent on input pin "x2[17]"
    Warning (15610): No output dependent on input pin "x2[18]"
    Warning (15610): No output dependent on input pin "x2[19]"
    Warning (15610): No output dependent on input pin "x2[20]"
    Warning (15610): No output dependent on input pin "x2[21]"
    Warning (15610): No output dependent on input pin "x2[22]"
    Warning (15610): No output dependent on input pin "x2[23]"
    Warning (15610): No output dependent on input pin "x2[24]"
    Warning (15610): No output dependent on input pin "x2[25]"
    Warning (15610): No output dependent on input pin "x2[26]"
    Warning (15610): No output dependent on input pin "x2[27]"
    Warning (15610): No output dependent on input pin "x2[28]"
    Warning (15610): No output dependent on input pin "x2[29]"
    Warning (15610): No output dependent on input pin "x2[30]"
    Warning (15610): No output dependent on input pin "x2[31]"
    Warning (15610): No output dependent on input pin "x2[32]"
    Warning (15610): No output dependent on input pin "x2[33]"
    Warning (15610): No output dependent on input pin "x2[34]"
    Warning (15610): No output dependent on input pin "x2[35]"
    Warning (15610): No output dependent on input pin "x2[36]"
    Warning (15610): No output dependent on input pin "x2[37]"
    Warning (15610): No output dependent on input pin "x2[38]"
    Warning (15610): No output dependent on input pin "x2[39]"
    Warning (15610): No output dependent on input pin "x2[40]"
    Warning (15610): No output dependent on input pin "x2[41]"
    Warning (15610): No output dependent on input pin "x2[42]"
    Warning (15610): No output dependent on input pin "x2[43]"
    Warning (15610): No output dependent on input pin "x2[44]"
    Warning (15610): No output dependent on input pin "x2[45]"
    Warning (15610): No output dependent on input pin "x2[46]"
    Warning (15610): No output dependent on input pin "x2[47]"
    Warning (15610): No output dependent on input pin "x2[48]"
    Warning (15610): No output dependent on input pin "x2[49]"
    Warning (15610): No output dependent on input pin "x2[50]"
    Warning (15610): No output dependent on input pin "x2[51]"
    Warning (15610): No output dependent on input pin "x2[52]"
    Warning (15610): No output dependent on input pin "x2[53]"
    Warning (15610): No output dependent on input pin "x2[54]"
    Warning (15610): No output dependent on input pin "x2[55]"
    Warning (15610): No output dependent on input pin "x2[56]"
    Warning (15610): No output dependent on input pin "x2[57]"
    Warning (15610): No output dependent on input pin "x2[58]"
    Warning (15610): No output dependent on input pin "x2[59]"
    Warning (15610): No output dependent on input pin "x2[60]"
    Warning (15610): No output dependent on input pin "x2[61]"
    Warning (15610): No output dependent on input pin "x2[62]"
    Warning (15610): No output dependent on input pin "x2[63]"
Info (21057): Implemented 162 device resources after synthesis - the final resource count might be different
    Info (21058): Implemented 130 input pins
    Info (21059): Implemented 32 output pins
Info: Quartus II 64-Bit Analysis & Synthesis was successful. 0 errors, 169 warnings
    Info: Peak virtual memory: 4650 megabytes
    Info: Processing ended: Fri Jan 08 17:25:05 2021
    Info: Elapsed time: 00:00:02
    Info: Total CPU time (on all processors): 00:00:01


+------------------------------------------+
; Analysis & Synthesis Suppressed Messages ;
+------------------------------------------+
The suppressed messages can be found in E:/Quartus/norm/output_files/norm.map.smsg.


