Analysis & Synthesis report for inverse_matrix
Fri Jan 08 12:27:17 2021
Quartus II 64-Bit Version 13.0.0 Build 156 04/24/2013 SJ Web Edition


---------------------
; Table of Contents ;
---------------------
  1. Legal Notice
  2. Analysis & Synthesis Summary
  3. Analysis & Synthesis Settings
  4. Parallel Compilation
  5. Analysis & Synthesis Source Files Read
  6. Analysis & Synthesis Resource Usage Summary
  7. Analysis & Synthesis Resource Utilization by Entity
  8. Analysis & Synthesis DSP Block Usage Summary
  9. Registers Removed During Synthesis
 10. General Register Statistics
 11. Parameter Settings for Inferred Entity Instance: lpm_divide:Div0
 12. Parameter Settings for Inferred Entity Instance: lpm_divide:Div2
 13. Parameter Settings for Inferred Entity Instance: lpm_mult:Mult2
 14. Parameter Settings for Inferred Entity Instance: lpm_divide:Div1
 15. Parameter Settings for Inferred Entity Instance: lpm_divide:Div3
 16. Parameter Settings for Inferred Entity Instance: lpm_mult:Mult0
 17. lpm_mult Parameter Settings by Entity Instance
 18. Elapsed Time Per Partition
 19. Analysis & Synthesis Messages
 20. Analysis & Synthesis Suppressed Messages



----------------
; Legal Notice ;
----------------
Copyright (C) 1991-2013 Altera Corporation
Your use of Altera Corporation's design tools, logic functions 
and other software and tools, and its AMPP partner logic 
functions, and any output files from any of the foregoing 
(including device programming or simulation files), and any 
associated documentation or information are expressly subject 
to the terms and conditions of the Altera Program License 
Subscription Agreement, Altera MegaCore Function License 
Agreement, or other applicable license agreement, including, 
without limitation, that your use is for the sole purpose of 
programming logic devices manufactured by Altera and sold by 
Altera or its authorized distributors.  Please refer to the 
applicable agreement for further details.



+---------------------------------------------------------------------------------+
; Analysis & Synthesis Summary                                                    ;
+------------------------------------+--------------------------------------------+
; Analysis & Synthesis Status        ; Successful - Fri Jan 08 12:27:17 2021      ;
; Quartus II 64-Bit Version          ; 13.0.0 Build 156 04/24/2013 SJ Web Edition ;
; Revision Name                      ; inverse_matrix                             ;
; Top-level Entity Name              ; inverse_matrix                             ;
; Family                             ; Cyclone II                                 ;
; Total logic elements               ; 17,789                                     ;
;     Total combinational functions  ; 17,789                                     ;
;     Dedicated logic registers      ; 193                                        ;
; Total registers                    ; 193                                        ;
; Total pins                         ; 514                                        ;
; Total virtual pins                 ; 0                                          ;
; Total memory bits                  ; 0                                          ;
; Embedded Multiplier 9-bit elements ; 40                                         ;
; Total PLLs                         ; 0                                          ;
+------------------------------------+--------------------------------------------+


+----------------------------------------------------------------------------------------------------------------------+
; Analysis & Synthesis Settings                                                                                        ;
+----------------------------------------------------------------------------+--------------------+--------------------+
; Option                                                                     ; Setting            ; Default Value      ;
+----------------------------------------------------------------------------+--------------------+--------------------+
; Device                                                                     ; EP2C70F896C8       ;                    ;
; Top-level entity name                                                      ; inverse_matrix     ; inverse_matrix     ;
; Family name                                                                ; Cyclone II         ; Cyclone IV GX      ;
; Use smart compilation                                                      ; Off                ; Off                ;
; Enable parallel Assembler and TimeQuest Timing Analyzer during compilation ; On                 ; On                 ;
; Enable compact report table                                                ; Off                ; Off                ;
; Restructure Multiplexers                                                   ; Auto               ; Auto               ;
; Create Debugging Nodes for IP Cores                                        ; Off                ; Off                ;
; Preserve fewer node names                                                  ; On                 ; On                 ;
; Disable OpenCore Plus hardware evaluation                                  ; Off                ; Off                ;
; Verilog Version                                                            ; Verilog_2001       ; Verilog_2001       ;
; VHDL Version                                                               ; VHDL_1993          ; VHDL_1993          ;
; State Machine Processing                                                   ; Auto               ; Auto               ;
; Safe State Machine                                                         ; Off                ; Off                ;
; Extract Verilog State Machines                                             ; On                 ; On                 ;
; Extract VHDL State Machines                                                ; On                 ; On                 ;
; Ignore Verilog initial constructs                                          ; Off                ; Off                ;
; Iteration limit for constant Verilog loops                                 ; 5000               ; 5000               ;
; Iteration limit for non-constant Verilog loops                             ; 250                ; 250                ;
; Add Pass-Through Logic to Inferred RAMs                                    ; On                 ; On                 ;
; Infer RAMs from Raw Logic                                                  ; On                 ; On                 ;
; Parallel Synthesis                                                         ; On                 ; On                 ;
; DSP Block Balancing                                                        ; Auto               ; Auto               ;
; NOT Gate Push-Back                                                         ; On                 ; On                 ;
; Power-Up Don't Care                                                        ; On                 ; On                 ;
; Remove Redundant Logic Cells                                               ; Off                ; Off                ;
; Remove Duplicate Registers                                                 ; On                 ; On                 ;
; Ignore CARRY Buffers                                                       ; Off                ; Off                ;
; Ignore CASCADE Buffers                                                     ; Off                ; Off                ;
; Ignore GLOBAL Buffers                                                      ; Off                ; Off                ;
; Ignore ROW GLOBAL Buffers                                                  ; Off                ; Off                ;
; Ignore LCELL Buffers                                                       ; Off                ; Off                ;
; Ignore SOFT Buffers                                                        ; On                 ; On                 ;
; Limit AHDL Integers to 32 Bits                                             ; Off                ; Off                ;
; Optimization Technique                                                     ; Balanced           ; Balanced           ;
; Carry Chain Length                                                         ; 70                 ; 70                 ;
; Auto Carry Chains                                                          ; On                 ; On                 ;
; Auto Open-Drain Pins                                                       ; On                 ; On                 ;
; Perform WYSIWYG Primitive Resynthesis                                      ; Off                ; Off                ;
; Auto ROM Replacement                                                       ; On                 ; On                 ;
; Auto RAM Replacement                                                       ; On                 ; On                 ;
; Auto Shift Register Replacement                                            ; Auto               ; Auto               ;
; Allow Shift Register Merging across Hierarchies                            ; Auto               ; Auto               ;
; Auto Clock Enable Replacement                                              ; On                 ; On                 ;
; Strict RAM Replacement                                                     ; Off                ; Off                ;
; Allow Synchronous Control Signals                                          ; On                 ; On                 ;
; Force Use of Synchronous Clear Signals                                     ; Off                ; Off                ;
; Auto RAM to Logic Cell Conversion                                          ; Off                ; Off                ;
; Auto Resource Sharing                                                      ; Off                ; Off                ;
; Allow Any RAM Size For Recognition                                         ; Off                ; Off                ;
; Allow Any ROM Size For Recognition                                         ; Off                ; Off                ;
; Allow Any Shift Register Size For Recognition                              ; Off                ; Off                ;
; Use LogicLock Constraints during Resource Balancing                        ; On                 ; On                 ;
; Ignore translate_off and synthesis_off directives                          ; Off                ; Off                ;
; Timing-Driven Synthesis                                                    ; Off                ; Off                ;
; Report Parameter Settings                                                  ; On                 ; On                 ;
; Report Source Assignments                                                  ; On                 ; On                 ;
; Report Connectivity Checks                                                 ; On                 ; On                 ;
; Ignore Maximum Fan-Out Assignments                                         ; Off                ; Off                ;
; Synchronization Register Chain Length                                      ; 2                  ; 2                  ;
; PowerPlay Power Optimization                                               ; Normal compilation ; Normal compilation ;
; HDL message level                                                          ; Level2             ; Level2             ;
; Suppress Register Optimization Related Messages                            ; Off                ; Off                ;
; Number of Removed Registers Reported in Synthesis Report                   ; 5000               ; 5000               ;
; Number of Swept Nodes Reported in Synthesis Report                         ; 5000               ; 5000               ;
; Number of Inverted Registers Reported in Synthesis Report                  ; 100                ; 100                ;
; Clock MUX Protection                                                       ; On                 ; On                 ;
; Auto Gated Clock Conversion                                                ; Off                ; Off                ;
; Block Design Naming                                                        ; Auto               ; Auto               ;
; SDC constraint protection                                                  ; Off                ; Off                ;
; Synthesis Effort                                                           ; Auto               ; Auto               ;
; Shift Register Replacement - Allow Asynchronous Clear Signal               ; On                 ; On                 ;
; Pre-Mapping Resynthesis Optimization                                       ; Off                ; Off                ;
; Analysis & Synthesis Message Level                                         ; Medium             ; Medium             ;
; Disable Register Merging Across Hierarchies                                ; Auto               ; Auto               ;
; Resource Aware Inference For Block RAM                                     ; On                 ; On                 ;
; Synthesis Seed                                                             ; 1                  ; 1                  ;
+----------------------------------------------------------------------------+--------------------+--------------------+


Parallel compilation was disabled, but you have multiple processors available. Enable parallel compilation to reduce compilation time.
+-------------------------------------+
; Parallel Compilation                ;
+----------------------------+--------+
; Processors                 ; Number ;
+----------------------------+--------+
; Number detected on machine ; 4      ;
; Maximum allowed            ; 1      ;
+----------------------------+--------+


+------------------------------------------------------------------------------------------------------------------------------------------------------------------+
; Analysis & Synthesis Source Files Read                                                                                                                           ;
+----------------------------------+-----------------+------------------------------+--------------------------------------------------------------------+---------+
; File Name with User-Entered Path ; Used in Netlist ; File Type                    ; File Name with Absolute Path                                       ; Library ;
+----------------------------------+-----------------+------------------------------+--------------------------------------------------------------------+---------+
; inverse_matrix.v                 ; yes             ; User Verilog HDL File        ; E:/Quartus/Inversematrix/inverse_matrix.v                          ;         ;
; lpm_divide.tdf                   ; yes             ; Megafunction                 ; c:/altera/13.0/quartus/libraries/megafunctions/lpm_divide.tdf      ;         ;
; abs_divider.inc                  ; yes             ; Megafunction                 ; c:/altera/13.0/quartus/libraries/megafunctions/abs_divider.inc     ;         ;
; sign_div_unsign.inc              ; yes             ; Megafunction                 ; c:/altera/13.0/quartus/libraries/megafunctions/sign_div_unsign.inc ;         ;
; aglobal130.inc                   ; yes             ; Megafunction                 ; c:/altera/13.0/quartus/libraries/megafunctions/aglobal130.inc      ;         ;
; db/lpm_divide_9gm.tdf            ; yes             ; Auto-Generated Megafunction  ; E:/Quartus/Inversematrix/db/lpm_divide_9gm.tdf                     ;         ;
; db/sign_div_unsign_jnh.tdf       ; yes             ; Auto-Generated Megafunction  ; E:/Quartus/Inversematrix/db/sign_div_unsign_jnh.tdf                ;         ;
; db/alt_u_div_86f.tdf             ; yes             ; Auto-Generated Megafunction  ; E:/Quartus/Inversematrix/db/alt_u_div_86f.tdf                      ;         ;
; db/add_sub_lkc.tdf               ; yes             ; Auto-Generated Megafunction  ; E:/Quartus/Inversematrix/db/add_sub_lkc.tdf                        ;         ;
; db/add_sub_mkc.tdf               ; yes             ; Auto-Generated Megafunction  ; E:/Quartus/Inversematrix/db/add_sub_mkc.tdf                        ;         ;
; lpm_mult.tdf                     ; yes             ; Megafunction                 ; c:/altera/13.0/quartus/libraries/megafunctions/lpm_mult.tdf        ;         ;
; lpm_add_sub.inc                  ; yes             ; Megafunction                 ; c:/altera/13.0/quartus/libraries/megafunctions/lpm_add_sub.inc     ;         ;
; multcore.inc                     ; yes             ; Megafunction                 ; c:/altera/13.0/quartus/libraries/megafunctions/multcore.inc        ;         ;
; bypassff.inc                     ; yes             ; Megafunction                 ; c:/altera/13.0/quartus/libraries/megafunctions/bypassff.inc        ;         ;
; altshift.inc                     ; yes             ; Megafunction                 ; c:/altera/13.0/quartus/libraries/megafunctions/altshift.inc        ;         ;
; db/mult_gat.tdf                  ; yes             ; Auto-Generated Megafunction  ; E:/Quartus/Inversematrix/db/mult_gat.tdf                           ;         ;
; db/lpm_divide_gem.tdf            ; yes             ; Auto-Generated Megafunction  ; E:/Quartus/Inversematrix/db/lpm_divide_gem.tdf                     ;         ;
+----------------------------------+-----------------+------------------------------+--------------------------------------------------------------------+---------+


+------------------------------------------------------+
; Analysis & Synthesis Resource Usage Summary          ;
+---------------------------------------------+--------+
; Resource                                    ; Usage  ;
+---------------------------------------------+--------+
; Estimated Total logic elements              ; 17,789 ;
;                                             ;        ;
; Total combinational functions               ; 17789  ;
; Logic element usage by number of LUT inputs ;        ;
;     -- 4 input functions                    ; 8235   ;
;     -- 3 input functions                    ; 8948   ;
;     -- <=2 input functions                  ; 606    ;
;                                             ;        ;
; Logic elements by mode                      ;        ;
;     -- normal mode                          ; 8907   ;
;     -- arithmetic mode                      ; 8882   ;
;                                             ;        ;
; Total registers                             ; 193    ;
;     -- Dedicated logic registers            ; 193    ;
;     -- I/O registers                        ; 0      ;
;                                             ;        ;
; I/O pins                                    ; 514    ;
; Embedded Multiplier 9-bit elements          ; 40     ;
; Maximum fan-out node                        ; clk    ;
; Maximum fan-out                             ; 193    ;
; Total fan-out                               ; 61869  ;
; Average fan-out                             ; 3.34   ;
+---------------------------------------------+--------+


+-----------------------------------------------------------------------------------------------------------------------------------------------------------------------------------------------------------------------------------------------------------------------------------------------------------+
; Analysis & Synthesis Resource Utilization by Entity                                                                                                                                                                                                                                                       ;
+----------------------------------------+-------------------+--------------+-------------+--------------+---------+-----------+------+--------------+---------------------------------------------------------------------------------------------------------------------------------------+--------------+
; Compilation Hierarchy Node             ; LC Combinationals ; LC Registers ; Memory Bits ; DSP Elements ; DSP 9x9 ; DSP 18x18 ; Pins ; Virtual Pins ; Full Hierarchy Name                                                                                                                   ; Library Name ;
+----------------------------------------+-------------------+--------------+-------------+--------------+---------+-----------+------+--------------+---------------------------------------------------------------------------------------------------------------------------------------+--------------+
; |inverse_matrix                        ; 17789 (322)       ; 193 (193)    ; 0           ; 40           ; 0       ; 20        ; 514  ; 0            ; |inverse_matrix                                                                                                                       ;              ;
;    |lpm_divide:Div0|                   ; 4548 (0)          ; 0 (0)        ; 0           ; 0            ; 0       ; 0         ; 0    ; 0            ; |inverse_matrix|lpm_divide:Div0                                                                                                       ;              ;
;       |lpm_divide_9gm:auto_generated|  ; 4548 (0)          ; 0 (0)        ; 0           ; 0            ; 0       ; 0         ; 0    ; 0            ; |inverse_matrix|lpm_divide:Div0|lpm_divide_9gm:auto_generated                                                                         ;              ;
;          |sign_div_unsign_jnh:divider| ; 4548 (0)          ; 0 (0)        ; 0           ; 0            ; 0       ; 0         ; 0    ; 0            ; |inverse_matrix|lpm_divide:Div0|lpm_divide_9gm:auto_generated|sign_div_unsign_jnh:divider                                             ;              ;
;             |alt_u_div_86f:divider|    ; 4548 (4546)       ; 0 (0)        ; 0           ; 0            ; 0       ; 0         ; 0    ; 0            ; |inverse_matrix|lpm_divide:Div0|lpm_divide_9gm:auto_generated|sign_div_unsign_jnh:divider|alt_u_div_86f:divider                       ;              ;
;                |add_sub_lkc:add_sub_0| ; 1 (1)             ; 0 (0)        ; 0           ; 0            ; 0       ; 0         ; 0    ; 0            ; |inverse_matrix|lpm_divide:Div0|lpm_divide_9gm:auto_generated|sign_div_unsign_jnh:divider|alt_u_div_86f:divider|add_sub_lkc:add_sub_0 ;              ;
;                |add_sub_mkc:add_sub_1| ; 1 (1)             ; 0 (0)        ; 0           ; 0            ; 0       ; 0         ; 0    ; 0            ; |inverse_matrix|lpm_divide:Div0|lpm_divide_9gm:auto_generated|sign_div_unsign_jnh:divider|alt_u_div_86f:divider|add_sub_mkc:add_sub_1 ;              ;
;    |lpm_divide:Div1|                   ; 4152 (0)          ; 0 (0)        ; 0           ; 0            ; 0       ; 0         ; 0    ; 0            ; |inverse_matrix|lpm_divide:Div1                                                                                                       ;              ;
;       |lpm_divide_gem:auto_generated|  ; 4152 (0)          ; 0 (0)        ; 0           ; 0            ; 0       ; 0         ; 0    ; 0            ; |inverse_matrix|lpm_divide:Div1|lpm_divide_gem:auto_generated                                                                         ;              ;
;          |sign_div_unsign_jnh:divider| ; 4152 (0)          ; 0 (0)        ; 0           ; 0            ; 0       ; 0         ; 0    ; 0            ; |inverse_matrix|lpm_divide:Div1|lpm_divide_gem:auto_generated|sign_div_unsign_jnh:divider                                             ;              ;
;             |alt_u_div_86f:divider|    ; 4152 (4152)       ; 0 (0)        ; 0           ; 0            ; 0       ; 0         ; 0    ; 0            ; |inverse_matrix|lpm_divide:Div1|lpm_divide_gem:auto_generated|sign_div_unsign_jnh:divider|alt_u_div_86f:divider                       ;              ;
;    |lpm_divide:Div2|                   ; 4280 (0)          ; 0 (0)        ; 0           ; 0            ; 0       ; 0         ; 0    ; 0            ; |inverse_matrix|lpm_divide:Div2                                                                                                       ;              ;
;       |lpm_divide_9gm:auto_generated|  ; 4280 (0)          ; 0 (0)        ; 0           ; 0            ; 0       ; 0         ; 0    ; 0            ; |inverse_matrix|lpm_divide:Div2|lpm_divide_9gm:auto_generated                                                                         ;              ;
;          |sign_div_unsign_jnh:divider| ; 4280 (0)          ; 0 (0)        ; 0           ; 0            ; 0       ; 0         ; 0    ; 0            ; |inverse_matrix|lpm_divide:Div2|lpm_divide_9gm:auto_generated|sign_div_unsign_jnh:divider                                             ;              ;
;             |alt_u_div_86f:divider|    ; 4280 (4279)       ; 0 (0)        ; 0           ; 0            ; 0       ; 0         ; 0    ; 0            ; |inverse_matrix|lpm_divide:Div2|lpm_divide_9gm:auto_generated|sign_div_unsign_jnh:divider|alt_u_div_86f:divider                       ;              ;
;                |add_sub_mkc:add_sub_1| ; 1 (1)             ; 0 (0)        ; 0           ; 0            ; 0       ; 0         ; 0    ; 0            ; |inverse_matrix|lpm_divide:Div2|lpm_divide_9gm:auto_generated|sign_div_unsign_jnh:divider|alt_u_div_86f:divider|add_sub_mkc:add_sub_1 ;              ;
;    |lpm_divide:Div3|                   ; 4151 (0)          ; 0 (0)        ; 0           ; 0            ; 0       ; 0         ; 0    ; 0            ; |inverse_matrix|lpm_divide:Div3                                                                                                       ;              ;
;       |lpm_divide_gem:auto_generated|  ; 4151 (0)          ; 0 (0)        ; 0           ; 0            ; 0       ; 0         ; 0    ; 0            ; |inverse_matrix|lpm_divide:Div3|lpm_divide_gem:auto_generated                                                                         ;              ;
;          |sign_div_unsign_jnh:divider| ; 4151 (0)          ; 0 (0)        ; 0           ; 0            ; 0       ; 0         ; 0    ; 0            ; |inverse_matrix|lpm_divide:Div3|lpm_divide_gem:auto_generated|sign_div_unsign_jnh:divider                                             ;              ;
;             |alt_u_div_86f:divider|    ; 4151 (4151)       ; 0 (0)        ; 0           ; 0            ; 0       ; 0         ; 0    ; 0            ; |inverse_matrix|lpm_divide:Div3|lpm_divide_gem:auto_generated|sign_div_unsign_jnh:divider|alt_u_div_86f:divider                       ;              ;
;    |lpm_mult:Mult0|                    ; 168 (0)           ; 0 (0)        ; 0           ; 20           ; 0       ; 10        ; 0    ; 0            ; |inverse_matrix|lpm_mult:Mult0                                                                                                        ;              ;
;       |mult_gat:auto_generated|        ; 168 (168)         ; 0 (0)        ; 0           ; 20           ; 0       ; 10        ; 0    ; 0            ; |inverse_matrix|lpm_mult:Mult0|mult_gat:auto_generated                                                                                ;              ;
;    |lpm_mult:Mult2|                    ; 168 (0)           ; 0 (0)        ; 0           ; 20           ; 0       ; 10        ; 0    ; 0            ; |inverse_matrix|lpm_mult:Mult2                                                                                                        ;              ;
;       |mult_gat:auto_generated|        ; 168 (168)         ; 0 (0)        ; 0           ; 20           ; 0       ; 10        ; 0    ; 0            ; |inverse_matrix|lpm_mult:Mult2|mult_gat:auto_generated                                                                                ;              ;
+----------------------------------------+-------------------+--------------+-------------+--------------+---------+-----------+------+--------------+---------------------------------------------------------------------------------------------------------------------------------------+--------------+
Note: For table entries with two numbers listed, the numbers in parentheses indicate the number of resources of the given type used by the specific entity alone. The numbers listed outside of parentheses indicate the total resources of the given type used by the specific entity and all of its sub-entities in the hierarchy.


+-----------------------------------------------------+
; Analysis & Synthesis DSP Block Usage Summary        ;
+---------------------------------------+-------------+
; Statistic                             ; Number Used ;
+---------------------------------------+-------------+
; Simple Multipliers (9-bit)            ; 0           ;
; Simple Multipliers (18-bit)           ; 20          ;
; Embedded Multiplier Blocks            ; --          ;
; Embedded Multiplier 9-bit elements    ; 40          ;
; Signed Embedded Multipliers           ; 0           ;
; Unsigned Embedded Multipliers         ; 20          ;
; Mixed Sign Embedded Multipliers       ; 0           ;
; Variable Sign Embedded Multipliers    ; 0           ;
; Dedicated Input Shift Register Chains ; 0           ;
+---------------------------------------+-------------+
Note: number of Embedded Multiplier Blocks used is only available after a successful fit.


+---------------------------------------------------------------------------------+
; Registers Removed During Synthesis                                              ;
+----------------------------------------+----------------------------------------+
; Register name                          ; Reason for Removal                     ;
+----------------------------------------+----------------------------------------+
; inv_3[63]~reg0                         ; Stuck at GND due to stuck port data_in ;
; inv_3[62]~reg0                         ; Stuck at GND due to stuck port data_in ;
; inv_3[61]~reg0                         ; Stuck at GND due to stuck port data_in ;
; inv_3[60]~reg0                         ; Stuck at GND due to stuck port data_in ;
; inv_3[59]~reg0                         ; Stuck at GND due to stuck port data_in ;
; inv_3[58]~reg0                         ; Stuck at GND due to stuck port data_in ;
; inv_3[57]~reg0                         ; Stuck at GND due to stuck port data_in ;
; inv_3[56]~reg0                         ; Stuck at GND due to stuck port data_in ;
; inv_3[55]~reg0                         ; Stuck at GND due to stuck port data_in ;
; inv_3[54]~reg0                         ; Stuck at GND due to stuck port data_in ;
; inv_3[53]~reg0                         ; Stuck at GND due to stuck port data_in ;
; inv_3[52]~reg0                         ; Stuck at GND due to stuck port data_in ;
; inv_3[51]~reg0                         ; Stuck at GND due to stuck port data_in ;
; inv_3[50]~reg0                         ; Stuck at GND due to stuck port data_in ;
; inv_3[49]~reg0                         ; Stuck at GND due to stuck port data_in ;
; inv_3[48]~reg0                         ; Stuck at GND due to stuck port data_in ;
; inv_3[47]~reg0                         ; Stuck at GND due to stuck port data_in ;
; inv_3[46]~reg0                         ; Stuck at GND due to stuck port data_in ;
; inv_3[45]~reg0                         ; Stuck at GND due to stuck port data_in ;
; inv_3[44]~reg0                         ; Stuck at GND due to stuck port data_in ;
; inv_3[43]~reg0                         ; Stuck at GND due to stuck port data_in ;
; inv_3[42]~reg0                         ; Stuck at GND due to stuck port data_in ;
; inv_3[41]~reg0                         ; Stuck at GND due to stuck port data_in ;
; inv_3[40]~reg0                         ; Stuck at GND due to stuck port data_in ;
; inv_3[39]~reg0                         ; Stuck at GND due to stuck port data_in ;
; inv_3[38]~reg0                         ; Stuck at GND due to stuck port data_in ;
; inv_3[37]~reg0                         ; Stuck at GND due to stuck port data_in ;
; inv_3[36]~reg0                         ; Stuck at GND due to stuck port data_in ;
; inv_3[35]~reg0                         ; Stuck at GND due to stuck port data_in ;
; inv_3[34]~reg0                         ; Stuck at GND due to stuck port data_in ;
; inv_3[33]~reg0                         ; Stuck at GND due to stuck port data_in ;
; inv_3[32]~reg0                         ; Stuck at GND due to stuck port data_in ;
; inv_3[31]~reg0                         ; Stuck at GND due to stuck port data_in ;
; inv_3[30]~reg0                         ; Stuck at GND due to stuck port data_in ;
; inv_3[29]~reg0                         ; Stuck at GND due to stuck port data_in ;
; inv_3[28]~reg0                         ; Stuck at GND due to stuck port data_in ;
; inv_3[27]~reg0                         ; Stuck at GND due to stuck port data_in ;
; inv_3[26]~reg0                         ; Stuck at GND due to stuck port data_in ;
; inv_3[25]~reg0                         ; Stuck at GND due to stuck port data_in ;
; inv_3[24]~reg0                         ; Stuck at GND due to stuck port data_in ;
; inv_3[23]~reg0                         ; Stuck at GND due to stuck port data_in ;
; inv_3[22]~reg0                         ; Stuck at GND due to stuck port data_in ;
; inv_3[21]~reg0                         ; Stuck at GND due to stuck port data_in ;
; inv_3[20]~reg0                         ; Stuck at GND due to stuck port data_in ;
; inv_3[19]~reg0                         ; Stuck at GND due to stuck port data_in ;
; inv_3[18]~reg0                         ; Stuck at GND due to stuck port data_in ;
; inv_3[17]~reg0                         ; Stuck at GND due to stuck port data_in ;
; inv_3[16]~reg0                         ; Stuck at GND due to stuck port data_in ;
; inv_3[15]~reg0                         ; Stuck at GND due to stuck port data_in ;
; inv_3[14]~reg0                         ; Stuck at GND due to stuck port data_in ;
; inv_3[13]~reg0                         ; Stuck at GND due to stuck port data_in ;
; inv_3[12]~reg0                         ; Stuck at GND due to stuck port data_in ;
; inv_3[11]~reg0                         ; Stuck at GND due to stuck port data_in ;
; inv_3[10]~reg0                         ; Stuck at GND due to stuck port data_in ;
; inv_3[9]~reg0                          ; Stuck at GND due to stuck port data_in ;
; inv_3[8]~reg0                          ; Stuck at GND due to stuck port data_in ;
; inv_3[7]~reg0                          ; Stuck at GND due to stuck port data_in ;
; inv_3[6]~reg0                          ; Stuck at GND due to stuck port data_in ;
; inv_3[5]~reg0                          ; Stuck at GND due to stuck port data_in ;
; inv_3[4]~reg0                          ; Stuck at GND due to stuck port data_in ;
; inv_3[3]~reg0                          ; Stuck at GND due to stuck port data_in ;
; inv_3[2]~reg0                          ; Stuck at GND due to stuck port data_in ;
; inv_3[1]~reg0                          ; Stuck at GND due to stuck port data_in ;
; Total Number of Removed Registers = 63 ;                                        ;
+----------------------------------------+----------------------------------------+


+------------------------------------------------------+
; General Register Statistics                          ;
+----------------------------------------------+-------+
; Statistic                                    ; Value ;
+----------------------------------------------+-------+
; Total registers                              ; 193   ;
; Number of registers using Synchronous Clear  ; 128   ;
; Number of registers using Synchronous Load   ; 0     ;
; Number of registers using Asynchronous Clear ; 0     ;
; Number of registers using Asynchronous Load  ; 0     ;
; Number of registers using Clock Enable       ; 0     ;
; Number of registers using Preset             ; 0     ;
+----------------------------------------------+-------+


+------------------------------------------------------------------+
; Parameter Settings for Inferred Entity Instance: lpm_divide:Div0 ;
+------------------------+----------------+------------------------+
; Parameter Name         ; Value          ; Type                   ;
+------------------------+----------------+------------------------+
; LPM_WIDTHN             ; 64             ; Untyped                ;
; LPM_WIDTHD             ; 64             ; Untyped                ;
; LPM_NREPRESENTATION    ; UNSIGNED       ; Untyped                ;
; LPM_DREPRESENTATION    ; UNSIGNED       ; Untyped                ;
; LPM_PIPELINE           ; 0              ; Untyped                ;
; LPM_REMAINDERPOSITIVE  ; TRUE           ; Untyped                ;
; MAXIMIZE_SPEED         ; 5              ; Untyped                ;
; CBXI_PARAMETER         ; lpm_divide_9gm ; Untyped                ;
; CARRY_CHAIN            ; MANUAL         ; Untyped                ;
; OPTIMIZE_FOR_SPEED     ; 5              ; Untyped                ;
; AUTO_CARRY_CHAINS      ; ON             ; AUTO_CARRY             ;
; IGNORE_CARRY_BUFFERS   ; OFF            ; IGNORE_CARRY           ;
; AUTO_CASCADE_CHAINS    ; ON             ; AUTO_CASCADE           ;
; IGNORE_CASCADE_BUFFERS ; OFF            ; IGNORE_CASCADE         ;
+------------------------+----------------+------------------------+
Note: In order to hide this table in the UI and the text report file, please set the "Show Parameter Settings in Synthesis Report" option in "Analysis and Synthesis Settings -> More Settings" to "Off".


+------------------------------------------------------------------+
; Parameter Settings for Inferred Entity Instance: lpm_divide:Div2 ;
+------------------------+----------------+------------------------+
; Parameter Name         ; Value          ; Type                   ;
+------------------------+----------------+------------------------+
; LPM_WIDTHN             ; 64             ; Untyped                ;
; LPM_WIDTHD             ; 64             ; Untyped                ;
; LPM_NREPRESENTATION    ; UNSIGNED       ; Untyped                ;
; LPM_DREPRESENTATION    ; UNSIGNED       ; Untyped                ;
; LPM_PIPELINE           ; 0              ; Untyped                ;
; LPM_REMAINDERPOSITIVE  ; TRUE           ; Untyped                ;
; MAXIMIZE_SPEED         ; 5              ; Untyped                ;
; CBXI_PARAMETER         ; lpm_divide_9gm ; Untyped                ;
; CARRY_CHAIN            ; MANUAL         ; Untyped                ;
; OPTIMIZE_FOR_SPEED     ; 5              ; Untyped                ;
; AUTO_CARRY_CHAINS      ; ON             ; AUTO_CARRY             ;
; IGNORE_CARRY_BUFFERS   ; OFF            ; IGNORE_CARRY           ;
; AUTO_CASCADE_CHAINS    ; ON             ; AUTO_CASCADE           ;
; IGNORE_CASCADE_BUFFERS ; OFF            ; IGNORE_CASCADE         ;
+------------------------+----------------+------------------------+
Note: In order to hide this table in the UI and the text report file, please set the "Show Parameter Settings in Synthesis Report" option in "Analysis and Synthesis Settings -> More Settings" to "Off".


+-----------------------------------------------------------------------------------+
; Parameter Settings for Inferred Entity Instance: lpm_mult:Mult2                   ;
+------------------------------------------------+------------+---------------------+
; Parameter Name                                 ; Value      ; Type                ;
+------------------------------------------------+------------+---------------------+
; AUTO_CARRY_CHAINS                              ; ON         ; AUTO_CARRY          ;
; IGNORE_CARRY_BUFFERS                           ; OFF        ; IGNORE_CARRY        ;
; AUTO_CASCADE_CHAINS                            ; ON         ; AUTO_CASCADE        ;
; IGNORE_CASCADE_BUFFERS                         ; OFF        ; IGNORE_CASCADE      ;
; LPM_WIDTHA                                     ; 64         ; Untyped             ;
; LPM_WIDTHB                                     ; 64         ; Untyped             ;
; LPM_WIDTHP                                     ; 128        ; Untyped             ;
; LPM_WIDTHR                                     ; 128        ; Untyped             ;
; LPM_WIDTHS                                     ; 1          ; Untyped             ;
; LPM_REPRESENTATION                             ; UNSIGNED   ; Untyped             ;
; LPM_PIPELINE                                   ; 0          ; Untyped             ;
; LATENCY                                        ; 0          ; Untyped             ;
; INPUT_A_IS_CONSTANT                            ; NO         ; Untyped             ;
; INPUT_B_IS_CONSTANT                            ; NO         ; Untyped             ;
; USE_EAB                                        ; OFF        ; Untyped             ;
; MAXIMIZE_SPEED                                 ; 5          ; Untyped             ;
; DEVICE_FAMILY                                  ; Cyclone II ; Untyped             ;
; CARRY_CHAIN                                    ; MANUAL     ; Untyped             ;
; APEX20K_TECHNOLOGY_MAPPER                      ; LUT        ; TECH_MAPPER_APEX20K ;
; DEDICATED_MULTIPLIER_CIRCUITRY                 ; AUTO       ; Untyped             ;
; DEDICATED_MULTIPLIER_MIN_INPUT_WIDTH_FOR_AUTO  ; 0          ; Untyped             ;
; DEDICATED_MULTIPLIER_MIN_OUTPUT_WIDTH_FOR_AUTO ; 0          ; Untyped             ;
; CBXI_PARAMETER                                 ; mult_gat   ; Untyped             ;
; INPUT_A_FIXED_VALUE                            ; Bx         ; Untyped             ;
; INPUT_B_FIXED_VALUE                            ; Bx         ; Untyped             ;
; USE_AHDL_IMPLEMENTATION                        ; OFF        ; Untyped             ;
+------------------------------------------------+------------+---------------------+
Note: In order to hide this table in the UI and the text report file, please set the "Show Parameter Settings in Synthesis Report" option in "Analysis and Synthesis Settings -> More Settings" to "Off".


+------------------------------------------------------------------+
; Parameter Settings for Inferred Entity Instance: lpm_divide:Div1 ;
+------------------------+----------------+------------------------+
; Parameter Name         ; Value          ; Type                   ;
+------------------------+----------------+------------------------+
; LPM_WIDTHN             ; 1              ; Untyped                ;
; LPM_WIDTHD             ; 64             ; Untyped                ;
; LPM_NREPRESENTATION    ; UNSIGNED       ; Untyped                ;
; LPM_DREPRESENTATION    ; UNSIGNED       ; Untyped                ;
; LPM_PIPELINE           ; 0              ; Untyped                ;
; LPM_REMAINDERPOSITIVE  ; TRUE           ; Untyped                ;
; MAXIMIZE_SPEED         ; 5              ; Untyped                ;
; CBXI_PARAMETER         ; lpm_divide_gem ; Untyped                ;
; CARRY_CHAIN            ; MANUAL         ; Untyped                ;
; OPTIMIZE_FOR_SPEED     ; 5              ; Untyped                ;
; AUTO_CARRY_CHAINS      ; ON             ; AUTO_CARRY             ;
; IGNORE_CARRY_BUFFERS   ; OFF            ; IGNORE_CARRY           ;
; AUTO_CASCADE_CHAINS    ; ON             ; AUTO_CASCADE           ;
; IGNORE_CASCADE_BUFFERS ; OFF            ; IGNORE_CASCADE         ;
+------------------------+----------------+------------------------+
Note: In order to hide this table in the UI and the text report file, please set the "Show Parameter Settings in Synthesis Report" option in "Analysis and Synthesis Settings -> More Settings" to "Off".


+------------------------------------------------------------------+
; Parameter Settings for Inferred Entity Instance: lpm_divide:Div3 ;
+------------------------+----------------+------------------------+
; Parameter Name         ; Value          ; Type                   ;
+------------------------+----------------+------------------------+
; LPM_WIDTHN             ; 1              ; Untyped                ;
; LPM_WIDTHD             ; 64             ; Untyped                ;
; LPM_NREPRESENTATION    ; UNSIGNED       ; Untyped                ;
; LPM_DREPRESENTATION    ; UNSIGNED       ; Untyped                ;
; LPM_PIPELINE           ; 0              ; Untyped                ;
; LPM_REMAINDERPOSITIVE  ; TRUE           ; Untyped                ;
; MAXIMIZE_SPEED         ; 5              ; Untyped                ;
; CBXI_PARAMETER         ; lpm_divide_gem ; Untyped                ;
; CARRY_CHAIN            ; MANUAL         ; Untyped                ;
; OPTIMIZE_FOR_SPEED     ; 5              ; Untyped                ;
; AUTO_CARRY_CHAINS      ; ON             ; AUTO_CARRY             ;
; IGNORE_CARRY_BUFFERS   ; OFF            ; IGNORE_CARRY           ;
; AUTO_CASCADE_CHAINS    ; ON             ; AUTO_CASCADE           ;
; IGNORE_CASCADE_BUFFERS ; OFF            ; IGNORE_CASCADE         ;
+------------------------+----------------+------------------------+
Note: In order to hide this table in the UI and the text report file, please set the "Show Parameter Settings in Synthesis Report" option in "Analysis and Synthesis Settings -> More Settings" to "Off".


+-----------------------------------------------------------------------------------+
; Parameter Settings for Inferred Entity Instance: lpm_mult:Mult0                   ;
+------------------------------------------------+------------+---------------------+
; Parameter Name                                 ; Value      ; Type                ;
+------------------------------------------------+------------+---------------------+
; AUTO_CARRY_CHAINS                              ; ON         ; AUTO_CARRY          ;
; IGNORE_CARRY_BUFFERS                           ; OFF        ; IGNORE_CARRY        ;
; AUTO_CASCADE_CHAINS                            ; ON         ; AUTO_CASCADE        ;
; IGNORE_CASCADE_BUFFERS                         ; OFF        ; IGNORE_CASCADE      ;
; LPM_WIDTHA                                     ; 64         ; Untyped             ;
; LPM_WIDTHB                                     ; 64         ; Untyped             ;
; LPM_WIDTHP                                     ; 128        ; Untyped             ;
; LPM_WIDTHR                                     ; 128        ; Untyped             ;
; LPM_WIDTHS                                     ; 1          ; Untyped             ;
; LPM_REPRESENTATION                             ; UNSIGNED   ; Untyped             ;
; LPM_PIPELINE                                   ; 0          ; Untyped             ;
; LATENCY                                        ; 0          ; Untyped             ;
; INPUT_A_IS_CONSTANT                            ; NO         ; Untyped             ;
; INPUT_B_IS_CONSTANT                            ; NO         ; Untyped             ;
; USE_EAB                                        ; OFF        ; Untyped             ;
; MAXIMIZE_SPEED                                 ; 5          ; Untyped             ;
; DEVICE_FAMILY                                  ; Cyclone II ; Untyped             ;
; CARRY_CHAIN                                    ; MANUAL     ; Untyped             ;
; APEX20K_TECHNOLOGY_MAPPER                      ; LUT        ; TECH_MAPPER_APEX20K ;
; DEDICATED_MULTIPLIER_CIRCUITRY                 ; AUTO       ; Untyped             ;
; DEDICATED_MULTIPLIER_MIN_INPUT_WIDTH_FOR_AUTO  ; 0          ; Untyped             ;
; DEDICATED_MULTIPLIER_MIN_OUTPUT_WIDTH_FOR_AUTO ; 0          ; Untyped             ;
; CBXI_PARAMETER                                 ; mult_gat   ; Untyped             ;
; INPUT_A_FIXED_VALUE                            ; Bx         ; Untyped             ;
; INPUT_B_FIXED_VALUE                            ; Bx         ; Untyped             ;
; USE_AHDL_IMPLEMENTATION                        ; OFF        ; Untyped             ;
+------------------------------------------------+------------+---------------------+
Note: In order to hide this table in the UI and the text report file, please set the "Show Parameter Settings in Synthesis Report" option in "Analysis and Synthesis Settings -> More Settings" to "Off".


+--------------------------------------------------------+
; lpm_mult Parameter Settings by Entity Instance         ;
+---------------------------------------+----------------+
; Name                                  ; Value          ;
+---------------------------------------+----------------+
; Number of entity instances            ; 2              ;
; Entity Instance                       ; lpm_mult:Mult2 ;
;     -- LPM_WIDTHA                     ; 64             ;
;     -- LPM_WIDTHB                     ; 64             ;
;     -- LPM_WIDTHP                     ; 128            ;
;     -- LPM_REPRESENTATION             ; UNSIGNED       ;
;     -- INPUT_A_IS_CONSTANT            ; NO             ;
;     -- INPUT_B_IS_CONSTANT            ; NO             ;
;     -- USE_EAB                        ; OFF            ;
;     -- DEDICATED_MULTIPLIER_CIRCUITRY ; AUTO           ;
;     -- INPUT_A_FIXED_VALUE            ; Bx             ;
;     -- INPUT_B_FIXED_VALUE            ; Bx             ;
; Entity Instance                       ; lpm_mult:Mult0 ;
;     -- LPM_WIDTHA                     ; 64             ;
;     -- LPM_WIDTHB                     ; 64             ;
;     -- LPM_WIDTHP                     ; 128            ;
;     -- LPM_REPRESENTATION             ; UNSIGNED       ;
;     -- INPUT_A_IS_CONSTANT            ; NO             ;
;     -- INPUT_B_IS_CONSTANT            ; NO             ;
;     -- USE_EAB                        ; OFF            ;
;     -- DEDICATED_MULTIPLIER_CIRCUITRY ; AUTO           ;
;     -- INPUT_A_FIXED_VALUE            ; Bx             ;
;     -- INPUT_B_FIXED_VALUE            ; Bx             ;
+---------------------------------------+----------------+


+-------------------------------+
; Elapsed Time Per Partition    ;
+----------------+--------------+
; Partition Name ; Elapsed Time ;
+----------------+--------------+
; Top            ; 00:00:46     ;
+----------------+--------------+


+-------------------------------+
; Analysis & Synthesis Messages ;
+-------------------------------+
Info: *******************************************************************
Info: Running Quartus II 64-Bit Analysis & Synthesis
    Info: Version 13.0.0 Build 156 04/24/2013 SJ Web Edition
    Info: Processing started: Fri Jan 08 12:26:28 2021
Info: Command: quartus_map --read_settings_files=on --write_settings_files=off inverse_matrix -c inverse_matrix
Warning (20028): Parallel compilation is not licensed and has been disabled
Info (12021): Found 1 design units, including 1 entities, in source file inverse_matrix.v
    Info (12023): Found entity 1: inverse_matrix
Info (12127): Elaborating entity "inverse_matrix" for the top level hierarchy
Info (278001): Inferred 6 megafunctions from design logic
    Info (278004): Inferred divider/modulo megafunction ("lpm_divide") from the following logic: "Div0"
    Info (278004): Inferred divider/modulo megafunction ("lpm_divide") from the following logic: "Div2"
    Info (278003): Inferred multiplier megafunction ("lpm_mult") from the following logic: "Mult2"
    Info (278004): Inferred divider/modulo megafunction ("lpm_divide") from the following logic: "Div1"
    Info (278004): Inferred divider/modulo megafunction ("lpm_divide") from the following logic: "Div3"
    Info (278003): Inferred multiplier megafunction ("lpm_mult") from the following logic: "Mult0"
Info (12130): Elaborated megafunction instantiation "lpm_divide:Div0"
Info (12133): Instantiated megafunction "lpm_divide:Div0" with the following parameter:
    Info (12134): Parameter "LPM_WIDTHN" = "64"
    Info (12134): Parameter "LPM_WIDTHD" = "64"
    Info (12134): Parameter "LPM_NREPRESENTATION" = "UNSIGNED"
    Info (12134): Parameter "LPM_DREPRESENTATION" = "UNSIGNED"
Info (12021): Found 1 design units, including 1 entities, in source file db/lpm_divide_9gm.tdf
    Info (12023): Found entity 1: lpm_divide_9gm
Info (12021): Found 1 design units, including 1 entities, in source file db/sign_div_unsign_jnh.tdf
    Info (12023): Found entity 1: sign_div_unsign_jnh
Info (12021): Found 1 design units, including 1 entities, in source file db/alt_u_div_86f.tdf
    Info (12023): Found entity 1: alt_u_div_86f
Info (12021): Found 1 design units, including 1 entities, in source file db/add_sub_lkc.tdf
    Info (12023): Found entity 1: add_sub_lkc
Info (12021): Found 1 design units, including 1 entities, in source file db/add_sub_mkc.tdf
    Info (12023): Found entity 1: add_sub_mkc
Info (12130): Elaborated megafunction instantiation "lpm_mult:Mult2"
Info (12133): Instantiated megafunction "lpm_mult:Mult2" with the following parameter:
    Info (12134): Parameter "LPM_WIDTHA" = "64"
    Info (12134): Parameter "LPM_WIDTHB" = "64"
    Info (12134): Parameter "LPM_WIDTHP" = "128"
    Info (12134): Parameter "LPM_WIDTHR" = "128"
    Info (12134): Parameter "LPM_WIDTHS" = "1"
    Info (12134): Parameter "LPM_REPRESENTATION" = "UNSIGNED"
    Info (12134): Parameter "INPUT_A_IS_CONSTANT" = "NO"
    Info (12134): Parameter "INPUT_B_IS_CONSTANT" = "NO"
    Info (12134): Parameter "MAXIMIZE_SPEED" = "5"
Info (12021): Found 1 design units, including 1 entities, in source file db/mult_gat.tdf
    Info (12023): Found entity 1: mult_gat
Info (12130): Elaborated megafunction instantiation "lpm_divide:Div1"
Info (12133): Instantiated megafunction "lpm_divide:Div1" with the following parameter:
    Info (12134): Parameter "LPM_WIDTHN" = "1"
    Info (12134): Parameter "LPM_WIDTHD" = "64"
    Info (12134): Parameter "LPM_NREPRESENTATION" = "UNSIGNED"
    Info (12134): Parameter "LPM_DREPRESENTATION" = "UNSIGNED"
Info (12021): Found 1 design units, including 1 entities, in source file db/lpm_divide_gem.tdf
    Info (12023): Found entity 1: lpm_divide_gem
Warning (14284): Synthesized away the following node(s):
    Warning (14285): Synthesized away the following DSP element node(s):
        Warning (14320): Synthesized away node "lpm_mult:Mult0|mult_gat:auto_generated|mac_mult23"
        Warning (14320): Synthesized away node "lpm_mult:Mult0|mult_gat:auto_generated|mac_mult31"
        Warning (14320): Synthesized away node "lpm_mult:Mult0|mult_gat:auto_generated|mac_out24"
        Warning (14320): Synthesized away node "lpm_mult:Mult0|mult_gat:auto_generated|mac_out32"
        Warning (14320): Synthesized away node "lpm_mult:Mult2|mult_gat:auto_generated|mac_mult23"
        Warning (14320): Synthesized away node "lpm_mult:Mult2|mult_gat:auto_generated|mac_mult31"
        Warning (14320): Synthesized away node "lpm_mult:Mult2|mult_gat:auto_generated|mac_out24"
        Warning (14320): Synthesized away node "lpm_mult:Mult2|mult_gat:auto_generated|mac_out32"
Warning (14284): Synthesized away the following node(s):
    Warning (14285): Synthesized away the following DSP element node(s):
        Warning (14320): Synthesized away node "lpm_mult:Mult0|mult_gat:auto_generated|mac_mult15"
        Warning (14320): Synthesized away node "lpm_mult:Mult0|mult_gat:auto_generated|mac_mult21"
        Warning (14320): Synthesized away node "lpm_mult:Mult0|mult_gat:auto_generated|mac_mult27"
        Warning (14320): Synthesized away node "lpm_mult:Mult0|mult_gat:auto_generated|mac_mult29"
        Warning (14320): Synthesized away node "lpm_mult:Mult0|mult_gat:auto_generated|mac_out16"
        Warning (14320): Synthesized away node "lpm_mult:Mult0|mult_gat:auto_generated|mac_out22"
        Warning (14320): Synthesized away node "lpm_mult:Mult0|mult_gat:auto_generated|mac_out28"
        Warning (14320): Synthesized away node "lpm_mult:Mult0|mult_gat:auto_generated|mac_out30"
        Warning (14320): Synthesized away node "lpm_mult:Mult2|mult_gat:auto_generated|mac_mult15"
        Warning (14320): Synthesized away node "lpm_mult:Mult2|mult_gat:auto_generated|mac_mult21"
        Warning (14320): Synthesized away node "lpm_mult:Mult2|mult_gat:auto_generated|mac_mult27"
        Warning (14320): Synthesized away node "lpm_mult:Mult2|mult_gat:auto_generated|mac_mult29"
        Warning (14320): Synthesized away node "lpm_mult:Mult2|mult_gat:auto_generated|mac_out16"
        Warning (14320): Synthesized away node "lpm_mult:Mult2|mult_gat:auto_generated|mac_out22"
        Warning (14320): Synthesized away node "lpm_mult:Mult2|mult_gat:auto_generated|mac_out28"
        Warning (14320): Synthesized away node "lpm_mult:Mult2|mult_gat:auto_generated|mac_out30"
Info (13014): Ignored 1008 buffer(s)
    Info (13019): Ignored 1008 SOFT buffer(s)
Warning (13024): Output pins are stuck at VCC or GND
    Warning (13410): Pin "inv_3[1]" is stuck at GND
    Warning (13410): Pin "inv_3[2]" is stuck at GND
    Warning (13410): Pin "inv_3[3]" is stuck at GND
    Warning (13410): Pin "inv_3[4]" is stuck at GND
    Warning (13410): Pin "inv_3[5]" is stuck at GND
    Warning (13410): Pin "inv_3[6]" is stuck at GND
    Warning (13410): Pin "inv_3[7]" is stuck at GND
    Warning (13410): Pin "inv_3[8]" is stuck at GND
    Warning (13410): Pin "inv_3[9]" is stuck at GND
    Warning (13410): Pin "inv_3[10]" is stuck at GND
    Warning (13410): Pin "inv_3[11]" is stuck at GND
    Warning (13410): Pin "inv_3[12]" is stuck at GND
    Warning (13410): Pin "inv_3[13]" is stuck at GND
    Warning (13410): Pin "inv_3[14]" is stuck at GND
    Warning (13410): Pin "inv_3[15]" is stuck at GND
    Warning (13410): Pin "inv_3[16]" is stuck at GND
    Warning (13410): Pin "inv_3[17]" is stuck at GND
    Warning (13410): Pin "inv_3[18]" is stuck at GND
    Warning (13410): Pin "inv_3[19]" is stuck at GND
    Warning (13410): Pin "inv_3[20]" is stuck at GND
    Warning (13410): Pin "inv_3[21]" is stuck at GND
    Warning (13410): Pin "inv_3[22]" is stuck at GND
    Warning (13410): Pin "inv_3[23]" is stuck at GND
    Warning (13410): Pin "inv_3[24]" is stuck at GND
    Warning (13410): Pin "inv_3[25]" is stuck at GND
    Warning (13410): Pin "inv_3[26]" is stuck at GND
    Warning (13410): Pin "inv_3[27]" is stuck at GND
    Warning (13410): Pin "inv_3[28]" is stuck at GND
    Warning (13410): Pin "inv_3[29]" is stuck at GND
    Warning (13410): Pin "inv_3[30]" is stuck at GND
    Warning (13410): Pin "inv_3[31]" is stuck at GND
    Warning (13410): Pin "inv_3[32]" is stuck at GND
    Warning (13410): Pin "inv_3[33]" is stuck at GND
    Warning (13410): Pin "inv_3[34]" is stuck at GND
    Warning (13410): Pin "inv_3[35]" is stuck at GND
    Warning (13410): Pin "inv_3[36]" is stuck at GND
    Warning (13410): Pin "inv_3[37]" is stuck at GND
    Warning (13410): Pin "inv_3[38]" is stuck at GND
    Warning (13410): Pin "inv_3[39]" is stuck at GND
    Warning (13410): Pin "inv_3[40]" is stuck at GND
    Warning (13410): Pin "inv_3[41]" is stuck at GND
    Warning (13410): Pin "inv_3[42]" is stuck at GND
    Warning (13410): Pin "inv_3[43]" is stuck at GND
    Warning (13410): Pin "inv_3[44]" is stuck at GND
    Warning (13410): Pin "inv_3[45]" is stuck at GND
    Warning (13410): Pin "inv_3[46]" is stuck at GND
    Warning (13410): Pin "inv_3[47]" is stuck at GND
    Warning (13410): Pin "inv_3[48]" is stuck at GND
    Warning (13410): Pin "inv_3[49]" is stuck at GND
    Warning (13410): Pin "inv_3[50]" is stuck at GND
    Warning (13410): Pin "inv_3[51]" is stuck at GND
    Warning (13410): Pin "inv_3[52]" is stuck at GND
    Warning (13410): Pin "inv_3[53]" is stuck at GND
    Warning (13410): Pin "inv_3[54]" is stuck at GND
    Warning (13410): Pin "inv_3[55]" is stuck at GND
    Warning (13410): Pin "inv_3[56]" is stuck at GND
    Warning (13410): Pin "inv_3[57]" is stuck at GND
    Warning (13410): Pin "inv_3[58]" is stuck at GND
    Warning (13410): Pin "inv_3[59]" is stuck at GND
    Warning (13410): Pin "inv_3[60]" is stuck at GND
    Warning (13410): Pin "inv_3[61]" is stuck at GND
    Warning (13410): Pin "inv_3[62]" is stuck at GND
    Warning (13410): Pin "inv_3[63]" is stuck at GND
Info (144001): Generated suppressed messages file E:/Quartus/Inversematrix/output_files/inverse_matrix.map.smsg
Info (16010): Generating hard_block partition "hard_block:auto_generated_inst"
    Info (16011): Adding 0 node(s), including 0 DDIO, 0 PLL, 0 transceiver and 0 LCELL
Info (21057): Implemented 18343 device resources after synthesis - the final resource count might be different
    Info (21058): Implemented 258 input pins
    Info (21059): Implemented 256 output pins
    Info (21061): Implemented 17789 logic cells
    Info (21062): Implemented 40 DSP elements
Info: Quartus II 64-Bit Analysis & Synthesis was successful. 0 errors, 93 warnings
    Info: Peak virtual memory: 4748 megabytes
    Info: Processing ended: Fri Jan 08 12:27:17 2021
    Info: Elapsed time: 00:00:49
    Info: Total CPU time (on all processors): 00:00:48


+------------------------------------------+
; Analysis & Synthesis Suppressed Messages ;
+------------------------------------------+
The suppressed messages can be found in E:/Quartus/Inversematrix/output_files/inverse_matrix.map.smsg.


