Flow report for inverse_matrix
Fri Jan 08 12:28:58 2021
Quartus II 64-Bit Version 13.0.0 Build 156 04/24/2013 SJ Web Edition


---------------------
; Table of Contents ;
---------------------
  1. Legal Notice
  2. Flow Summary
  3. Flow Settings
  4. Flow Non-Default Global Settings
  5. Flow Elapsed Time
  6. Flow OS Summary
  7. Flow Log
  8. Flow Messages
  9. Flow Suppressed Messages



----------------
; Legal Notice ;
----------------
Copyright (C) 1991-2013 Altera Corporation
Your use of Altera Corporation's design tools, logic functions 
and other software and tools, and its AMPP partner logic 
functions, and any output files from any of the foregoing 
(including device programming or simulation files), and any 
associated documentation or information are expressly subject 
to the terms and conditions of the Altera Program License 
Subscription Agreement, Altera MegaCore Function License 
Agreement, or other applicable license agreement, including, 
without limitation, that your use is for the sole purpose of 
programming logic devices manufactured by Altera and sold by 
Altera or its authorized distributors.  Please refer to the 
applicable agreement for further details.



+---------------------------------------------------------------------------------+
; Flow Summary                                                                    ;
+------------------------------------+--------------------------------------------+
; Flow Status                        ; Successful - Fri Jan 08 12:28:58 2021      ;
; Quartus II 64-Bit Version          ; 13.0.0 Build 156 04/24/2013 SJ Web Edition ;
; Revision Name                      ; inverse_matrix                             ;
; Top-level Entity Name              ; inverse_matrix                             ;
; Family                             ; Cyclone II                                 ;
; Device                             ; EP2C70F896C8                               ;
; Timing Models                      ; Final                                      ;
; Total logic elements               ; 17,789 / 68,416 ( 26 % )                   ;
;     Total combinational functions  ; 17,789 / 68,416 ( 26 % )                   ;
;     Dedicated logic registers      ; 193 / 68,416 ( < 1 % )                     ;
; Total registers                    ; 193                                        ;
; Total pins                         ; 514 / 622 ( 83 % )                         ;
; Total virtual pins                 ; 0                                          ;
; Total memory bits                  ; 0 / 1,152,000 ( 0 % )                      ;
; Embedded Multiplier 9-bit elements ; 40 / 300 ( 13 % )                          ;
; Total PLLs                         ; 0 / 4 ( 0 % )                              ;
+------------------------------------+--------------------------------------------+


+-----------------------------------------+
; Flow Settings                           ;
+-------------------+---------------------+
; Option            ; Setting             ;
+-------------------+---------------------+
; Start date & time ; 01/08/2021 12:26:28 ;
; Main task         ; Compilation         ;
; Revision Name     ; inverse_matrix      ;
+-------------------+---------------------+


+----------------------------------------------------------------------------------------------------------------------+
; Flow Non-Default Global Settings                                                                                     ;
+-------------------------------------+---------------------------------+---------------+-------------+----------------+
; Assignment Name                     ; Value                           ; Default Value ; Entity Name ; Section Id     ;
+-------------------------------------+---------------------------------+---------------+-------------+----------------+
; COMPILER_SIGNATURE_ID               ; 145667760558583.161008358803696 ; --            ; --          ; --             ;
; EDA_OUTPUT_DATA_FORMAT              ; Verilog Hdl                     ; --            ; --          ; eda_simulation ;
; EDA_SIMULATION_TOOL                 ; ModelSim-Altera (Verilog)       ; <None>        ; --          ; --             ;
; MAX_CORE_JUNCTION_TEMP              ; 85                              ; --            ; --          ; --             ;
; MIN_CORE_JUNCTION_TEMP              ; 0                               ; --            ; --          ; --             ;
; PARTITION_COLOR                     ; 16764057                        ; --            ; --          ; Top            ;
; PARTITION_FITTER_PRESERVATION_LEVEL ; PLACEMENT_AND_ROUTING           ; --            ; --          ; Top            ;
; PARTITION_NETLIST_TYPE              ; SOURCE                          ; --            ; --          ; Top            ;
; PROJECT_OUTPUT_DIRECTORY            ; output_files                    ; --            ; --          ; --             ;
+-------------------------------------+---------------------------------+---------------+-------------+----------------+


+-------------------------------------------------------------------------------------------------------------------------------+
; Flow Elapsed Time                                                                                                             ;
+---------------------------+--------------+-------------------------+---------------------+------------------------------------+
; Module Name               ; Elapsed Time ; Average Processors Used ; Peak Virtual Memory ; Total CPU Time (on all processors) ;
+---------------------------+--------------+-------------------------+---------------------+------------------------------------+
; Analysis & Synthesis      ; 00:00:47     ; 1.0                     ; 4746 MB             ; 00:00:46                           ;
; Fitter                    ; 00:01:08     ; 1.0                     ; 5142 MB             ; 00:01:05                           ;
; Assembler                 ; 00:00:06     ; 1.0                     ; 4630 MB             ; 00:00:05                           ;
; TimeQuest Timing Analyzer ; 00:00:04     ; 1.0                     ; 4787 MB             ; 00:00:04                           ;
; EDA Netlist Writer        ; 00:00:12     ; 1.0                     ; 4689 MB             ; 00:00:12                           ;
; Total                     ; 00:02:17     ; --                      ; --                  ; 00:02:12                           ;
+---------------------------+--------------+-------------------------+---------------------+------------------------------------+


+----------------------------------------------------------------------------------------+
; Flow OS Summary                                                                        ;
+---------------------------+------------------+-----------+------------+----------------+
; Module Name               ; Machine Hostname ; OS Name   ; OS Version ; Processor type ;
+---------------------------+------------------+-----------+------------+----------------+
; Analysis & Synthesis      ; DAODUYHUNG       ; Windows 7 ; 6.2        ; x86_64         ;
; Fitter                    ; DAODUYHUNG       ; Windows 7 ; 6.2        ; x86_64         ;
; Assembler                 ; DAODUYHUNG       ; Windows 7 ; 6.2        ; x86_64         ;
; TimeQuest Timing Analyzer ; DAODUYHUNG       ; Windows 7 ; 6.2        ; x86_64         ;
; EDA Netlist Writer        ; DAODUYHUNG       ; Windows 7 ; 6.2        ; x86_64         ;
+---------------------------+------------------+-----------+------------+----------------+


------------
; Flow Log ;
------------
quartus_map --read_settings_files=on --write_settings_files=off inverse_matrix -c inverse_matrix
quartus_fit --read_settings_files=off --write_settings_files=off inverse_matrix -c inverse_matrix
quartus_asm --read_settings_files=off --write_settings_files=off inverse_matrix -c inverse_matrix
quartus_sta inverse_matrix -c inverse_matrix
quartus_eda --read_settings_files=off --write_settings_files=off inverse_matrix -c inverse_matrix



